#
# There is insufficient memory for the Java Runtime Environment to continue.
# Native memory allocation (mmap) failed to map 132120576 bytes. Error detail: G1 virtual space
# Possible reasons:
#   The system is out of physical RAM or swap space
#   This process is running with CompressedOops enabled, and the Java Heap may be blocking the growth of the native heap
# Possible solutions:
#   Reduce memory load on the system
#   Increase physical memory or swap space
#   Check if swap backing store is full
#   Decrease Java heap size (-Xmx/-Xms)
#   Decrease number of Java threads
#   Decrease Java thread stack sizes (-Xss)
#   Set larger code cache with -XX:ReservedCodeCacheSize=
#   JVM is running with Unscaled Compressed Oops mode in which the Java heap is
#     placed in the first 4GB address space. The Java Heap base address is the
#     maximum limit for the native heap growth. Please use -XX:HeapBaseMinAddress
#     to set the Java Heap base and to place the Java Heap above 4GB virtual address.
# This output file may be truncated or incomplete.
#
#  Out of Memory Error (os_windows.cpp:3898), pid=30476, tid=32360
#
# JRE version:  (21.0.6+9) (build )
# Java VM: OpenJDK 64-Bit Server VM (21.0.6+9-b895.109, mixed mode, sharing, tiered, compressed oops, compressed class ptrs, g1 gc, windows-amd64)
# No core dump will be written. Minidumps are not enabled by default on client versions of Windows
#

---------------  S U M M A R Y ------------

Command Line: git4idea.http.GitAskPassApp Username for 'https://github.com': 

Host: Intel(R) Core(TM) i3-10100 CPU @ 3.60GHz, 8 cores, 7G,  Windows 10 , 64 bit Build 19041 (10.0.19041.5794)
Time: Sun Jun  8 16:33:34 2025  Windows 10 , 64 bit Build 19041 (10.0.19041.5794) elapsed time: 0.017844 seconds (0d 0h 0m 0s)

---------------  T H R E A D  ---------------

Current thread (0x00000217cad3f6a0):  JavaThread "Unknown thread" [_thread_in_vm, id=32360, stack(0x0000006b83700000,0x0000006b83800000) (1024K)]

Stack: [0x0000006b83700000,0x0000006b83800000]
Native frames: (J=compiled Java code, j=interpreted, Vv=VM code, C=native code)
V  [jvm.dll+0x6e5cb9]
V  [jvm.dll+0x8c4113]
V  [jvm.dll+0x8c666e]
V  [jvm.dll+0x8c6d53]
V  [jvm.dll+0x288f76]
V  [jvm.dll+0x6e2575]
V  [jvm.dll+0x6d602a]
V  [jvm.dll+0x3635db]
V  [jvm.dll+0x36b1a6]
V  [jvm.dll+0x3bd4f6]
V  [jvm.dll+0x3bd7c8]
V  [jvm.dll+0x335d2c]
V  [jvm.dll+0x336a1b]
V  [jvm.dll+0x88b569]
V  [jvm.dll+0x3ca6c8]
V  [jvm.dll+0x8745b8]
V  [jvm.dll+0x45f0de]
V  [jvm.dll+0x460dc1]
C  [jli.dll+0x52ab]
C  [ucrtbase.dll+0x21bb2]
C  [KERNEL32.DLL+0x17374]
C  [ntdll.dll+0x4cc91]


---------------  P R O C E S S  ---------------

Threads class SMR info:
_java_thread_list=0x00007fff6267a148, length=0, elements={
}

Java Threads: ( => current thread )
Total: 0

Other Threads:
  0x00000217cad1aae0 WorkerThread "GC Thread#0"                     [id=31000, stack(0x0000006b83800000,0x0000006b83900000) (1024K)]
  0x00000217cd092b10 ConcurrentGCThread "G1 Main Marker"            [id=25540, stack(0x0000006b83900000,0x0000006b83a00000) (1024K)]
  0x00000217cad1ae80 WorkerThread "G1 Conc#0"                       [id=36964, stack(0x0000006b83a00000,0x0000006b83b00000) (1024K)]

[error occurred during error reporting (printing all threads), id 0xc0000005, EXCEPTION_ACCESS_VIOLATION (0xc0000005) at pc=0x00007fff61d68e07]
VM state: not at safepoint (not fully initialized)

VM Mutex/Monitor currently owned by a thread:  ([mutex/lock_event])
[0x00007fff626eeb30] Heap_lock - owner thread: 0x00000217cad3f6a0

Heap address: 0x0000000082a00000, size: 2006 MB, Compressed Oops mode: 32-bit

CDS archive(s) mapped at: [0x0000000000000000-0x0000000000000000-0x0000000000000000), size 0, SharedBaseAddress: 0x0000000800000000, ArchiveRelocationMode: 1.
Narrow klass base: 0x0000000000000000, Narrow klass shift: 0, Narrow klass range: 0x0

GC Precious Log:
 CardTable entry size: 512
 Card Set container configuration: InlinePtr #cards 5 size 8 Array Of Cards #cards 12 size 40 Howl #buckets 4 coarsen threshold 1843 Howl Bitmap #cards 512 size 80 coarsen threshold 460 Card regions per heap region 1 cards per card region 2048

Heap:
 garbage-first heap   total 0K, used 0K [0x0000000082a00000, 0x0000000100000000)
  region size 1024K, 0 young (0K), 0 survivors (0K)
 Metaspace       used 0K, committed 0K, reserved 0K
  class space    used 0K, committed 0K, reserved 0K

Heap Regions: E=young(eden), S=young(survivor), O=old, HS=humongous(starts), HC=humongous(continues), CS=collection set, F=free, TAMS=top-at-mark-start, PB=parsable bottom

Card table byte_map: [0x00000217e07a0000,0x00000217e0b90000] _byte_map_base: 0x00000217e038b000

Marking Bits: (CMBitMap*) 0x00000217cd081e20
 Bits: [0x00000217e0b90000, 0x00000217e2ae8000)

GC Heap History (0 events):
No events

Dll operation events (1 events):
Event: 0.005 Loaded shared library D:\PHP\PhpStorm 2025.1.1\jbr\bin\java.dll

Deoptimization events (0 events):
No events

Classes loaded (0 events):
No events

Classes unloaded (0 events):
No events

Classes redefined (0 events):
No events

Internal exceptions (0 events):
No events

ZGC Phase Switch (0 events):
No events

VM Operations (0 events):
No events

Memory protections (0 events):
No events

Nmethod flushes (0 events):
No events

Events (0 events):
No events


Dynamic libraries:
0x00007ff62a920000 - 0x00007ff62a92a000 	D:\PHP\PhpStorm 2025.1.1\jbr\bin\java.exe
0x00007fffa4e30000 - 0x00007fffa5028000 	C:\Windows\SYSTEM32\ntdll.dll
0x00007fffa39d0000 - 0x00007fffa3a92000 	C:\Windows\System32\KERNEL32.DLL
0x00007fffa27f0000 - 0x00007fffa2ae6000 	C:\Windows\System32\KERNELBASE.dll
0x00007fffa2520000 - 0x00007fffa2620000 	C:\Windows\System32\ucrtbase.dll
0x00007fff9e530000 - 0x00007fff9e54b000 	D:\PHP\PhpStorm 2025.1.1\jbr\bin\VCRUNTIME140.dll
0x00007fff8cc00000 - 0x00007fff8cc18000 	D:\PHP\PhpStorm 2025.1.1\jbr\bin\jli.dll
0x00007fffa4c50000 - 0x00007fffa4ded000 	C:\Windows\System32\USER32.dll
0x00007fff8f770000 - 0x00007fff8fa0a000 	C:\Windows\WinSxS\amd64_microsoft.windows.common-controls_6595b64144ccf1df_6.0.19041.5794_none_60bcd33171f2783c\COMCTL32.dll
0x00007fffa2e30000 - 0x00007fffa2e52000 	C:\Windows\System32\win32u.dll
0x00007fffa2e60000 - 0x00007fffa2efe000 	C:\Windows\System32\msvcrt.dll
0x00007fffa42c0000 - 0x00007fffa42eb000 	C:\Windows\System32\GDI32.dll
0x00007fffa2b80000 - 0x00007fffa2c9a000 	C:\Windows\System32\gdi32full.dll
0x00007fffa26a0000 - 0x00007fffa273d000 	C:\Windows\System32\msvcp_win.dll
0x00007fffa4290000 - 0x00007fffa42bf000 	C:\Windows\System32\IMM32.DLL
0x00007fff9f820000 - 0x00007fff9f82c000 	D:\PHP\PhpStorm 2025.1.1\jbr\bin\vcruntime140_1.dll
0x00007fff76540000 - 0x00007fff765cd000 	D:\PHP\PhpStorm 2025.1.1\jbr\bin\msvcp140.dll
0x00007fff61a20000 - 0x00007fff627e1000 	D:\PHP\PhpStorm 2025.1.1\jbr\bin\server\jvm.dll
0x00007fffa3e20000 - 0x00007fffa3ecf000 	C:\Windows\System32\ADVAPI32.dll
0x00007fffa2f00000 - 0x00007fffa2f9f000 	C:\Windows\System32\sechost.dll
0x00007fffa2fa0000 - 0x00007fffa30c3000 	C:\Windows\System32\RPCRT4.dll
0x00007fffa2ca0000 - 0x00007fffa2cc7000 	C:\Windows\System32\bcrypt.dll
0x00007fffa4050000 - 0x00007fffa40bb000 	C:\Windows\System32\WS2_32.dll
0x00007fffa2330000 - 0x00007fffa237b000 	C:\Windows\SYSTEM32\POWRPROF.dll
0x00007fff9c6a0000 - 0x00007fff9c6c7000 	C:\Windows\SYSTEM32\WINMM.dll
0x00007fff9c180000 - 0x00007fff9c18a000 	C:\Windows\SYSTEM32\VERSION.dll
0x00007fffa2310000 - 0x00007fffa2322000 	C:\Windows\SYSTEM32\UMPDC.dll
0x00007fffa0290000 - 0x00007fffa02a2000 	C:\Windows\SYSTEM32\kernel.appcore.dll
0x00007fff9e520000 - 0x00007fff9e52a000 	D:\PHP\PhpStorm 2025.1.1\jbr\bin\jimage.dll
0x00007fff90410000 - 0x00007fff90611000 	C:\Windows\SYSTEM32\DBGHELP.DLL
0x00007fff900a0000 - 0x00007fff900d4000 	C:\Windows\SYSTEM32\dbgcore.DLL
0x00007fffa2af0000 - 0x00007fffa2b72000 	C:\Windows\System32\bcryptPrimitives.dll
0x00007fff9e4d0000 - 0x00007fff9e4f0000 	D:\PHP\PhpStorm 2025.1.1\jbr\bin\java.dll

dbghelp: loaded successfully - version: 4.0.5 - missing functions: none
symbol engine: initialized successfully - sym options: 0x614 - pdb path: .;D:\PHP\PhpStorm 2025.1.1\jbr\bin;C:\Windows\SYSTEM32;C:\Windows\WinSxS\amd64_microsoft.windows.common-controls_6595b64144ccf1df_6.0.19041.5794_none_60bcd33171f2783c;D:\PHP\PhpStorm 2025.1.1\jbr\bin\server

VM Arguments:
java_command: git4idea.http.GitAskPassApp Username for 'https://github.com': 
java_class_path (initial): D:/PHP/PhpStorm 2025.1.1/plugins/vcs-git/lib/git4idea-rt.jar;D:/PHP/PhpStorm 2025.1.1/lib/externalProcess-rt.jar
Launcher Type: SUN_STANDARD

[Global flags]
     intx CICompilerCount                          = 4                                         {product} {ergonomic}
     uint ConcGCThreads                            = 2                                         {product} {ergonomic}
     uint G1ConcRefinementThreads                  = 8                                         {product} {ergonomic}
   size_t G1HeapRegionSize                         = 1048576                                   {product} {ergonomic}
    uintx GCDrainStackTargetSize                   = 64                                        {product} {ergonomic}
   size_t InitialHeapSize                          = 132120576                                 {product} {ergonomic}
   size_t MarkStackSize                            = 4194304                                   {product} {ergonomic}
   size_t MaxHeapSize                              = 2103443456                                {product} {ergonomic}
   size_t MinHeapDeltaBytes                        = 1048576                                   {product} {ergonomic}
   size_t MinHeapSize                              = 8388608                                   {product} {ergonomic}
    uintx NonNMethodCodeHeapSize                   = 5839372                                {pd product} {ergonomic}
    uintx NonProfiledCodeHeapSize                  = 122909434                              {pd product} {ergonomic}
    uintx ProfiledCodeHeapSize                     = 122909434                              {pd product} {ergonomic}
    uintx ReservedCodeCacheSize                    = 251658240                              {pd product} {ergonomic}
     bool SegmentedCodeCache                       = true                                      {product} {ergonomic}
   size_t SoftMaxHeapSize                          = 2103443456                             {manageable} {ergonomic}
     bool UseCompressedOops                        = true                           {product lp64_product} {ergonomic}
     bool UseG1GC                                  = true                                      {product} {ergonomic}
     bool UseLargePagesIndividualAllocation        = false                                  {pd product} {ergonomic}

Logging:
Log output configuration:
 #0: stdout all=warning uptime,level,tags foldmultilines=false
 #1: stderr all=off uptime,level,tags foldmultilines=false

Environment Variables:
PATH=C:/Program Files/Git/mingw64/libexec/git-core;C:/Program Files/Git/mingw64/libexec/git-core;C:\Program Files\Git\mingw64\bin;C:\Program Files\Git\usr\bin;C:\Users\User\bin;C:\Program Files (x86)\Common Files\Oracle\Java\javapath;C:\Windows\system32;C:\Windows;C:\Windows\System32\Wbem;C:\Windows\System32\WindowsPowerShell\v1.0\;C:\Windows\System32\OpenSSH\;C:\Program Files\Filestar;C:\ProgramData\Filestar\aliases;C:\Program Files\Git\cmd;C:\Users\User\AppData\Local\Microsoft\WindowsApps;D:\PHP\Microsoft VS Code\bin
USERNAME=User
DISPLAY=:0.0
LC_ALL=en_US.UTF-8
TERM=xterm-256color
TMPDIR=C:\Users\User\AppData\Local\Temp
OS=Windows_NT
PROCESSOR_IDENTIFIER=Intel64 Family 6 Model 165 Stepping 3, GenuineIntel
TMP=C:\Users\User\AppData\Local\Temp
TEMP=C:\Users\User\AppData\Local\Temp




Periodic native trim disabled

JNI global refs:
JNI global refs: 0, weak refs: 0

JNI global refs memory usage: 0, weak refs: 0

Process memory usage:
Resident Set Size: 10832K (0% of 8216408K total physical memory with 308312K free physical memory)

OOME stack traces (most recent first):
Classloader memory used:

---------------  S Y S T E M  ---------------

OS:
 Windows 10 , 64 bit Build 19041 (10.0.19041.5794)
OS uptime: 8 days 6:42 hours

CPU: total 8 (initial active 8) (4 cores per cpu, 2 threads per core) family 6 model 165 stepping 3 microcode 0xf0, cx8, cmov, fxsr, ht, mmx, 3dnowpref, sse, sse2, sse3, ssse3, sse4.1, sse4.2, popcnt, lzcnt, tsc, tscinvbit, avx, avx2, aes, erms, clmul, bmi1, bmi2, adx, fma, vzeroupper, clflush, clflushopt, rdtscp, f16c
Processor Information for the first 8 processors :
  Max Mhz: 3600, Current Mhz: 3600, Mhz Limit: 3600

Memory: 4k page, system-wide physical 8023M (301M free)
TotalPageFile size 11002M (AvailPageFile size 59M)
current process WorkingSet (physical memory assigned to process): 10M, peak: 10M
current process commit charge ("private bytes"): 60M, peak: 186M

vm_info: OpenJDK 64-Bit Server VM (21.0.6+9-b895.109) for windows-amd64 JRE (21.0.6+9-b895.109), built on 2025-03-26 by "builduser" with MS VC++ 16.10 / 16.11 (VS2019)

END.
